
2020-5-5 10:54:05

Operating System
  Name                        = Mac OS X
  Version                     = 10.15.4
  Architecture                = 64bit
  # CPUs                      = 12
  Memory                      = 17179869184

Node.js
  Node.js Version             = 12.16.2
  npm Version                 = 6.14.4

Titanium CLI
  CLI Version                 = 5.2.0

Titanium SDK
  SDK Version                 = 9.0.1.GA
  SDK Path                    = /Users/hans/Library/Application Support/Titanium/mobilesdk/osx/9.0.1.GA
  Target Platform             = android

Command
  /usr/local/bin/node /usr/local/bin/ti build -p android --build-only

[INFO]   Assets Dir: /Users/hans/Documents/dev/titanium/titanium-review-dialog/assets
[INFO]   Documentation Dir: /Users/hans/Documents/dev/titanium/titanium-review-dialog/documentation
[INFO]   Example Dir: /Users/hans/Documents/dev/titanium/titanium-review-dialog/example
[INFO]   Platform Dir: /Users/hans/Documents/dev/titanium/titanium-review-dialog/android/platform
[INFO]   Resources Dir: /Users/hans/Documents/dev/titanium/titanium-review-dialog/Resources
[INFO]   Generating root project files
[INFO]   Generating gradle project: module
[INFO]   Building module
[INFO]   [GRADLE] 
[INFO]   [GRADLE] > Configure project :module
[INFO]   [GRADLE] Internal API constructor DefaultDomainObjectSet(Class<T>) has been deprecated. This is scheduled to be removed in Gradle 7.0. Please use ObjectFactory.domainObjectSet(Class<T>) instead. See https://docs.gradle.org/6.2.1/userguide/custom_gradle_types.html#domainobjectset for more details.
[INFO]   [GRADLE] 	at build_34r2h7jhbxvknkkmots33sieo.run(/Users/hans/Documents/dev/titanium/titanium-review-dialog/android/build/module/build.gradle:2)
[INFO]   [GRADLE] 	(Run with --stacktrace to get the full stack trace of this deprecation warning.)
[INFO]   [GRADLE] 
[INFO]   [GRADLE] > Task :module:preBuild
[INFO]   [GRADLE] > Task :module:preReleaseBuild
[INFO]   [GRADLE] > Task :module:compileReleaseAidl NO-SOURCE
[INFO]   [GRADLE] > Task :module:compileReleaseRenderscript NO-SOURCE
[INFO]   [GRADLE] > Task :module:generateReleaseBuildConfig UP-TO-DATE
[INFO]   [GRADLE] > Task :module:generateReleaseResValues UP-TO-DATE
[INFO]   [GRADLE] > Task :module:generateReleaseResources UP-TO-DATE
[INFO]   [GRADLE] > Task :module:packageReleaseResources UP-TO-DATE
[INFO]   [GRADLE] > Task :module:parseReleaseLocalResources UP-TO-DATE
[INFO]   [GRADLE] > Task :module:processReleaseManifest UP-TO-DATE
[INFO]   [GRADLE] > Task :module:generateReleaseRFile UP-TO-DATE
[INFO]   [GRADLE] > Task :module:kaptGenerateStubsReleaseKotlin
[INFO]   [GRADLE] 
[INFO]   [GRADLE] > Task :module:kaptReleaseKotlin
[INFO]   [GRADLE] w: [kapt] Incremental annotation processing requested, but support is disabled because the following processors are not incremental: org.appcelerator.kroll.annotations.generator.KrollJSONGenerator (NON_INCREMENTAL).
[INFO]   [GRADLE] 
[INFO]   [GRADLE] > Task :module:compileReleaseKotlin
[INFO]   [GRADLE] > Task :module:javaPreCompileRelease UP-TO-DATE
[INFO]   [GRADLE] 
[INFO]   [GRADLE] > Task :module:compileReleaseJavaWithJavac
[INFO]   [GRADLE] Running Titanium "generate-cpp-files.js" script.
[INFO]   [GRADLE] 
[INFO]   [GRADLE] > Task :module:generateJsonModelRelease UP-TO-DATE
[INFO]   [GRADLE] 
[INFO]   [GRADLE] > Task :module:externalNativeBuildRelease
[INFO]   [GRADLE] Build ti.reviewdialog_armeabi-v7a
[INFO]   [GRADLE] Android NDK: WARNING:/Users/hans/Documents/dev/titanium/titanium-review-dialog/android/build/module/src/main/jni/Android.mk:ti.reviewdialog: non-system libraries in linker flags: -lkroll-v8    
[INFO]   [GRADLE] Android NDK:     This is likely to result in incorrect builds. Try using LOCAL_STATIC_LIBRARIES    
[INFO]   [GRADLE] Android NDK:     or LOCAL_SHARED_LIBRARIES instead to list the library dependencies of the    
[INFO]   [GRADLE] Android NDK:     current module    
[INFO]   [GRADLE] fcntl(): Bad file descriptor
[INFO]   [GRADLE] [armeabi-v7a] Compile++ thumb: ti.reviewdialog <= ti.reviewdialog.TitaniumReviewDialogModule.cpp
[INFO]   [GRADLE] fcntl(): Bad file descriptor
[INFO]   [GRADLE] [armeabi-v7a] Compile++ thumb: ti.reviewdialog <= ti.reviewdialog.ExampleProxy.cpp
[INFO]   [GRADLE] fcntl(): Bad file descriptor
[INFO]   [GRADLE] [armeabi-v7a] Compile++ thumb: ti.reviewdialog <= TiModuleBootstrap.cpp
[INFO]   [GRADLE] fcntl(): Bad file descriptor
[INFO]   [GRADLE] fcntl(): Bad file descriptor
[INFO]   [GRADLE] [armeabi-v7a] SharedLibrary  : libti.reviewdialog.so
[INFO]   [GRADLE] Build ti.reviewdialog_arm64-v8a
[INFO]   [GRADLE] fcntl(): Bad file descriptor
[INFO]   [GRADLE] Android NDK: WARNING:/Users/hans/Documents/dev/titanium/titanium-review-dialog/android/build/module/src/main/jni/Android.mk:ti.reviewdialog: non-system libraries in linker flags: -lkroll-v8    
[INFO]   [GRADLE] Android NDK:     This is likely to result in incorrect builds. Try using LOCAL_STATIC_LIBRARIES    
[INFO]   [GRADLE] Android NDK:     or LOCAL_SHARED_LIBRARIES instead to list the library dependencies of the    
[INFO]   [GRADLE] Android NDK:     current module    
[INFO]   [GRADLE] fcntl(): Bad file descriptor
[INFO]   [GRADLE] [arm64-v8a] Compile++      : ti.reviewdialog <= ti.reviewdialog.TitaniumReviewDialogModule.cpp
[INFO]   [GRADLE] fcntl(): Bad file descriptor
[INFO]   [GRADLE] [arm64-v8a] Compile++      : ti.reviewdialog <= ti.reviewdialog.ExampleProxy.cpp
[INFO]   [GRADLE] fcntl(): Bad file descriptor
[INFO]   [GRADLE] [arm64-v8a] Compile++      : ti.reviewdialog <= TiModuleBootstrap.cpp
[INFO]   [GRADLE] fcntl(): Bad file descriptor
[INFO]   [GRADLE] [arm64-v8a] SharedLibrary  : libti.reviewdialog.so
[INFO]   [GRADLE] Build ti.reviewdialog_x86
[INFO]   [GRADLE] fcntl(): Bad file descriptor
[INFO]   [GRADLE] Android NDK: WARNING:/Users/hans/Documents/dev/titanium/titanium-review-dialog/android/build/module/src/main/jni/Android.mk:ti.reviewdialog: non-system libraries in linker flags: -lkroll-v8    
[INFO]   [GRADLE] Android NDK:     This is likely to result in incorrect builds. Try using LOCAL_STATIC_LIBRARIES    
[INFO]   [GRADLE] Android NDK:     or LOCAL_SHARED_LIBRARIES instead to list the library dependencies of the    
[INFO]   [GRADLE] Android NDK:     current module    
[INFO]   [GRADLE] [x86] Compile++      : ti.reviewdialog <= ti.reviewdialog.TitaniumReviewDialogModule.cpp
[INFO]   [GRADLE] fcntl(): Bad file descriptor
[INFO]   [GRADLE] [x86] Compile++      : ti.reviewdialog <= ti.reviewdialog.ExampleProxy.cpp
[INFO]   [GRADLE] fcntl(): Bad file descriptor
[INFO]   [GRADLE] fcntl(): Bad file descriptor
[INFO]   [GRADLE] [x86] Compile++      : ti.reviewdialog <= TiModuleBootstrap.cpp
[INFO]   [GRADLE] [x86] SharedLibrary  : libti.reviewdialog.so
[INFO]   [GRADLE] fcntl(): Bad file descriptor
[INFO]   [GRADLE] Build ti.reviewdialog_x86_64
[INFO]   [GRADLE] fcntl(): Bad file descriptor
[INFO]   [GRADLE] Android NDK: WARNING:/Users/hans/Documents/dev/titanium/titanium-review-dialog/android/build/module/src/main/jni/Android.mk:ti.reviewdialog: non-system libraries in linker flags: -lkroll-v8    
[INFO]   [GRADLE] Android NDK:     This is likely to result in incorrect builds. Try using LOCAL_STATIC_LIBRARIES    
[INFO]   [GRADLE] Android NDK:     or LOCAL_SHARED_LIBRARIES instead to list the library dependencies of the    
[INFO]   [GRADLE] Android NDK:     current module    
[INFO]   [GRADLE] fcntl(): Bad file descriptor
[INFO]   [GRADLE] [x86_64] Compile++      : ti.reviewdialog <= ti.reviewdialog.TitaniumReviewDialogModule.cpp
[INFO]   [GRADLE] fcntl(): Bad file descriptor
[INFO]   [GRADLE] [x86_64] Compile++      : ti.reviewdialog <= ti.reviewdialog.ExampleProxy.cpp
[INFO]   [GRADLE] [x86_64] Compile++      : ti.reviewdialog <= TiModuleBootstrap.cpp
[INFO]   [GRADLE] fcntl(): Bad file descriptor
[INFO]   [GRADLE] fcntl(): Bad file descriptor
[INFO]   [GRADLE] [x86_64] SharedLibrary  : libti.reviewdialog.so
[INFO]   [GRADLE] 
[INFO]   [GRADLE] > Task :module:mergeReleaseJniLibFolders UP-TO-DATE
[INFO]   [GRADLE] > Task :module:mergeReleaseNativeLibs UP-TO-DATE
[INFO]   [GRADLE] > Task :module:stripReleaseDebugSymbols UP-TO-DATE
[INFO]   [GRADLE] > Task :module:copyReleaseJniLibsProjectAndLocalJars UP-TO-DATE
[INFO]   [GRADLE] > Task :module:extractReleaseAnnotations
[INFO]   [GRADLE] > Task :module:mergeReleaseGeneratedProguardFiles UP-TO-DATE
[INFO]   [GRADLE] > Task :module:mergeReleaseConsumerProguardFiles UP-TO-DATE
[INFO]   [GRADLE] > Task :module:mergeReleaseShaders UP-TO-DATE
[INFO]   [GRADLE] > Task :module:compileReleaseShaders UP-TO-DATE
[INFO]   [GRADLE] > Task :module:generateReleaseAssets UP-TO-DATE
[INFO]   [GRADLE] > Task :module:packageReleaseAssets UP-TO-DATE
[INFO]   [GRADLE] > Task :module:packageReleaseRenderscript NO-SOURCE
[INFO]   [GRADLE] > Task :module:prepareLintJarForPublish UP-TO-DATE
[INFO]   [GRADLE] > Task :module:processReleaseJavaRes NO-SOURCE
[INFO]   [GRADLE] > Task :module:mergeReleaseJavaResource UP-TO-DATE
[INFO]   [GRADLE] > Task :module:syncReleaseLibJars
[INFO]   [GRADLE] > Task :module:bundleReleaseAar
[INFO]   [GRADLE] > Task :module:compileReleaseSources
[INFO]   [GRADLE] > Task :module:mergeReleaseResources UP-TO-DATE
[INFO]   [GRADLE] > Task :module:verifyReleaseResources UP-TO-DATE
[INFO]   [GRADLE] > Task :module:assembleRelease
[INFO]   [GRADLE] 
[INFO]   [GRADLE] BUILD SUCCESSFUL in 7s
[INFO]   [GRADLE] 30 actionable tasks: 9 executed, 21 up-to-date
[INFO]   [GRADLE] > Task :module:generatePomFileForTitaniumPublicationPublication
[INFO]   [GRADLE] > Task :module:publishTitaniumPublicationPublicationToMavenRepository
[INFO]   [GRADLE] > Task :module:publish
[INFO]   [GRADLE] 
[INFO]   [GRADLE] Deprecated Gradle features were used in this build, making it incompatible with Gradle 7.0.
[INFO]   [GRADLE] Use '--warning-mode all' to show the individual deprecation warnings.
[INFO]   [GRADLE] See https://docs.gradle.org/6.2.1/userguide/command_line_interface.html#sec:command_line_warnings
[INFO]   [GRADLE] 
[INFO]   [GRADLE] BUILD SUCCESSFUL in 751ms
[INFO]   [GRADLE] 2 actionable tasks: 2 executed
[INFO]   Packaging the module
[INFO]   Creating module zip
[INFO]   Writing module zip: /Users/hans/Documents/dev/titanium/titanium-review-dialog/android/dist/ti.reviewdialog-android-1.0.0.zip
[INFO]   Project built successfully in 10s 393ms
